<?xml version="1.0" encoding="UTF-8"?>
<!-- Generated by org.testng.reporters.JUnitXMLReporter -->
<testsuite ignored="0" hostname="DESKTOP-4PKN1AN" failures="0" tests="8" name="Test" time="130.67" errors="0" timestamp="2022-12-28T19:52:55 IST">
  <testcase classname="TestNG.DP_Test3" name="FacebookLogin" time="10.113"/>
  <testcase classname="TestNG.DP_Test3" name="FacebookLogin" time="9.315"/>
  <testcase classname="TestNG.DP_Test3" name="FacebookLogin" time="10.199"/>
  <testcase classname="TestNG.DP_Test3" name="FacebookLogin" time="8.702"/>
  <testcase classname="TestNG.DP_Test3" name="FacebookLogin" time="17.693"/>
  <testcase classname="TestNG.DP_Test3" name="FacebookLogin" time="31.181"/>
  <testcase classname="TestNG.DP_Test3" name="FacebookLogin" time="24.14"/>
  <testcase classname="TestNG.DP_Test3" name="FacebookLogin" time="19.245"/>
</testsuite> <!-- Test -->
